-------------------------------------------------------------------------------
Test set: robot.EnergieFixture
-------------------------------------------------------------------------------
Tests run: 1, Failures: 1, Errors: 0, Skipped: 0, Time elapsed: 4.072 s <<< FAILURE! - in robot.EnergieFixture
robot.EnergieFixture.[Concordion Specification for 'Energie']  Time elapsed: 4.06 s  <<< FAILURE!
org.concordion.internal.ConcordionAssertionError: Specification has failure(s). See output HTML for details.

